Using pre-set license
Built from '2021.3/staging' branch; Version is '2021.3.23f1 (213b516bf396) revision 2177873'; Using compiler version '192829333'; Build Type 'Release'
OS: 'Windows 10  (10.0.19045) 64bit Professional' Language: 'en' Physical Memory: 32680 MB
BatchMode: 1, IsHumanControllingUs: 0, StartBugReporterOnCrash: 0, Is64bit: 1, IsPro: 1

COMMAND LINE ARGUMENTS:
C:\Program Files\Unity\Hub\Editor\2021.3.23f1\Editor\Unity.exe
-adb2
-batchMode
-noUpm
-name
AssetImportWorker0
-projectPath
C:/Users/GianY/Desktop/Unity/FastFashionNoThanks_01
-logFile
Logs/AssetImportWorker0.log
-srvPort
55759
Successfully changed project path to: C:/Users/GianY/Desktop/Unity/FastFashionNoThanks_01
C:/Users/GianY/Desktop/Unity/FastFashionNoThanks_01
[UnityMemory] Configuration Parameters - Can be set up in boot.config
    "memorysetup-bucket-allocator-granularity=16"
    "memorysetup-bucket-allocator-bucket-count=8"
    "memorysetup-bucket-allocator-block-size=33554432"
    "memorysetup-bucket-allocator-block-count=8"
    "memorysetup-main-allocator-block-size=16777216"
    "memorysetup-thread-allocator-block-size=16777216"
    "memorysetup-gfx-main-allocator-block-size=16777216"
    "memorysetup-gfx-thread-allocator-block-size=16777216"
    "memorysetup-cache-allocator-block-size=4194304"
    "memorysetup-typetree-allocator-block-size=2097152"
    "memorysetup-profiler-bucket-allocator-granularity=16"
    "memorysetup-profiler-bucket-allocator-bucket-count=8"
    "memorysetup-profiler-bucket-allocator-block-size=33554432"
    "memorysetup-profiler-bucket-allocator-block-count=8"
    "memorysetup-profiler-allocator-block-size=16777216"
    "memorysetup-profiler-editor-allocator-block-size=1048576"
    "memorysetup-temp-allocator-size-main=16777216"
    "memorysetup-job-temp-allocator-block-size=2097152"
    "memorysetup-job-temp-allocator-block-size-background=1048576"
    "memorysetup-job-temp-allocator-reduction-small-platforms=262144"
    "memorysetup-temp-allocator-size-background-worker=32768"
    "memorysetup-temp-allocator-size-job-worker=262144"
    "memorysetup-temp-allocator-size-preload-manager=33554432"
    "memorysetup-temp-allocator-size-nav-mesh-worker=65536"
    "memorysetup-temp-allocator-size-audio-worker=65536"
    "memorysetup-temp-allocator-size-cloud-worker=32768"
    "memorysetup-temp-allocator-size-gi-baking-worker=262144"
    "memorysetup-temp-allocator-size-gfx=262144"
Player connection [457424] Host "[IP] 192.168.1.101 [Port] 0 [Flags] 2 [Guid] 3263863403 [EditorId] 3263863403 [Version] 1048832 [Id] WindowsEditor(7,GianY-PC) [Debug] 1 [PackageName] WindowsEditor [ProjectName] Editor" joined multi-casting on [225.0.0.222:54997]...

Player connection [457424] Host "[IP] 192.168.1.101 [Port] 0 [Flags] 2 [Guid] 3263863403 [EditorId] 3263863403 [Version] 1048832 [Id] WindowsEditor(7,GianY-PC) [Debug] 1 [PackageName] WindowsEditor [ProjectName] Editor" joined alternative multi-casting on [225.0.0.222:34997]...

Refreshing native plugins compatible for Editor in 80.53 ms, found 3 plugins.
Preloading 0 native plugins for Editor in 0.00 ms.
Initialize engine version: 2021.3.23f1 (213b516bf396)
[Subsystems] Discovering subsystems at path C:/Program Files/Unity/Hub/Editor/2021.3.23f1/Editor/Data/Resources/UnitySubsystems
[Subsystems] Discovering subsystems at path C:/Users/GianY/Desktop/Unity/FastFashionNoThanks_01/Assets
GfxDevice: creating device client; threaded=0; jobified=0
Direct3D:
    Version:  Direct3D 11.0 [level 11.1]
    Renderer: NVIDIA GeForce GTX 1660 SUPER (ID=0x21c4)
    Vendor:   NVIDIA
    VRAM:     5980 MB
    Driver:   31.0.15.3161
Initialize mono
Mono path[0] = 'C:/Program Files/Unity/Hub/Editor/2021.3.23f1/Editor/Data/Managed'
Mono path[1] = 'C:/Program Files/Unity/Hub/Editor/2021.3.23f1/Editor/Data/MonoBleedingEdge/lib/mono/unityjit-win32'
Mono config path = 'C:/Program Files/Unity/Hub/Editor/2021.3.23f1/Editor/Data/MonoBleedingEdge/etc'
Using monoOptions --debugger-agent=transport=dt_socket,embedding=1,server=y,suspend=n,address=127.0.0.1:56332
Begin MonoManager ReloadAssembly
Registering precompiled unity dll's ...
Register platform support module: C:/Program Files/Unity/Hub/Editor/2021.3.23f1/Editor/Data/PlaybackEngines/WindowsStandaloneSupport/UnityEditor.WindowsStandalone.Extensions.dll
Registered in 0.011748 seconds.
Native extension for WindowsStandalone target not found
Refreshing native plugins compatible for Editor in 90.23 ms, found 3 plugins.
Preloading 0 native plugins for Editor in 0.00 ms.
Mono: successfully reloaded assembly
- Completed reload, in  0.681 seconds
Domain Reload Profiling:
	ReloadAssembly (681ms)
		BeginReloadAssembly (93ms)
			ExecutionOrderSort (0ms)
			DisableScriptedObjects (0ms)
			BackupInstance (0ms)
			ReleaseScriptingObjects (0ms)
			CreateAndSetChildDomain (1ms)
		EndReloadAssembly (461ms)
			LoadAssemblies (91ms)
			RebuildTransferFunctionScriptingTraits (0ms)
			SetupTypeCache (107ms)
			ReleaseScriptCaches (0ms)
			RebuildScriptCaches (23ms)
			SetupLoadedEditorAssemblies (272ms)
				LogAssemblyErrors (0ms)
				InitializePlatformSupportModulesInManaged (10ms)
				SetLoadedEditorAssemblies (0ms)
				RefreshPlugins (90ms)
				BeforeProcessingInitializeOnLoad (1ms)
				ProcessInitializeOnLoadAttributes (128ms)
				ProcessInitializeOnLoadMethodAttributes (43ms)
				AfterProcessingInitializeOnLoad (0ms)
				EditorAssembliesLoaded (0ms)
			ExecutionOrderSort2 (0ms)
			AwakeInstancesAfterBackupRestoration (0ms)
Platform modules already initialized, skipping
Registering precompiled user dll's ...
Registered in 0.004598 seconds.
Begin MonoManager ReloadAssembly
Symbol file LoadedFromMemory doesn't match image C:\Users\GianY\Desktop\Unity\FastFashionNoThanks_01\Library\PackageCache\com.unity.visualscripting@1.8.0\Editor\VisualScripting.Core\Dependencies\YamlDotNet\Unity.VisualScripting.YamlDotNet.dll
Symbol file LoadedFromMemory doesn't match image C:\Users\GianY\Desktop\Unity\FastFashionNoThanks_01\Library\PackageCache\com.unity.visualscripting@1.8.0\Editor\VisualScripting.Core\Dependencies\DotNetZip\Unity.VisualScripting.IonicZip.dll
Native extension for WindowsStandalone target not found
Refreshing native plugins compatible for Editor in 0.56 ms, found 3 plugins.
Preloading 0 native plugins for Editor in 0.00 ms.
Mono: successfully reloaded assembly
- Completed reload, in  1.028 seconds
Domain Reload Profiling:
	ReloadAssembly (1028ms)
		BeginReloadAssembly (122ms)
			ExecutionOrderSort (0ms)
			DisableScriptedObjects (6ms)
			BackupInstance (0ms)
			ReleaseScriptingObjects (0ms)
			CreateAndSetChildDomain (21ms)
		EndReloadAssembly (798ms)
			LoadAssemblies (93ms)
			RebuildTransferFunctionScriptingTraits (0ms)
			SetupTypeCache (269ms)
			ReleaseScriptCaches (1ms)
			RebuildScriptCaches (50ms)
			SetupLoadedEditorAssemblies (350ms)
				LogAssemblyErrors (0ms)
				InitializePlatformSupportModulesInManaged (5ms)
				SetLoadedEditorAssemblies (0ms)
				RefreshPlugins (1ms)
				BeforeProcessingInitializeOnLoad (99ms)
				ProcessInitializeOnLoadAttributes (220ms)
				ProcessInitializeOnLoadMethodAttributes (17ms)
				AfterProcessingInitializeOnLoad (9ms)
				EditorAssembliesLoaded (0ms)
			ExecutionOrderSort2 (0ms)
			AwakeInstancesAfterBackupRestoration (6ms)
Platform modules already initialized, skipping
========================================================================
Worker process is ready to serve import requests
Launched and connected shader compiler UnityShaderCompiler.exe after 0.04 seconds
Refreshing native plugins compatible for Editor in 0.52 ms, found 3 plugins.
Preloading 0 native plugins for Editor in 0.00 ms.
Unloading 3046 Unused Serialized files (Serialized files now loaded: 0)
Unloading 24 unused Assets / (113.4 KB). Loaded Objects now: 3506.
Memory consumption went from 107.5 MB to 107.4 MB.
Total: 2.631400 ms (FindLiveObjects: 0.277400 ms CreateObjectMapping: 0.076100 ms MarkObjects: 2.177800 ms  DeleteObjects: 0.098600 ms)

AssetImportParameters requested are different than current active one (requested -> active):
  custom:video-decoder-ogg-theora: a1e56fd34408186e4bbccfd4996cb3dc -> 
  custom:container-muxer-webm: aa71ff27fc2769a1b78a27578f13a17b -> 
  custom:container-demuxer-webm: 4f35f7cbe854078d1ac9338744f61a02 -> 
  custom:video-encoder-webm-vp8: eb34c28f22e8b96e1ab97ce403110664 -> 
  custom:video-codec-MediaFoundation-h265: 746d11721c4dcdbdad8f713fa42b33f4 -> 
  custom:audio-encoder-webm-vorbis: bf7c407c2cedff20999df2af8eb42d56 -> 
  custom:framework-win-MediaFoundation: 216162199b28c13a410421893ffa2e32 -> 
  custom:container-demuxer-ogg: 62fdf1f143b41e24485cea50d1cbac27 -> 
  custom:video-decoder-webm-vp8: 9c59270c3fd7afecdb556c50c9e8de78 -> 
  custom:audio-decoder-ogg-vorbis: bf7c407c2cedff20999df2af8eb42d56 -> 
========================================================================
Received Import Request.
  Time since last request: 196664.611036 seconds.
  path: Assets
  artifactKey: Guid(00000000000000001000000000000000) Importer(815301076,1909f56bfc062723c751e8b465ee728b)
Start importing Assets using Guid(00000000000000001000000000000000) Importer(815301076,1909f56bfc062723c751e8b465ee728b)  -> (artifact id: '79842766b460edbeab6a34051e857a80') in 0.015211 seconds 
========================================================================
Received Import Request.
  Time since last request: 965.698302 seconds.
  path: Assets/FFNT_Assets_01.blend
  artifactKey: Guid(f58f3f120c1ff1a4f9515222769d30d1) Importer(815301076,1909f56bfc062723c751e8b465ee728b)
Start importing Assets/FFNT_Assets_01.blend using Guid(f58f3f120c1ff1a4f9515222769d30d1) Importer(815301076,1909f56bfc062723c751e8b465ee728b)  -> (artifact id: 'a42fdd42b76b02d2e25ca794a1b5204b') in 0.459025 seconds 
========================================================================
Received Import Request.
  Time since last request: 48.710278 seconds.
  path: Assets/Factory-01.fbx
  artifactKey: Guid(53c484221eb419d498f10add3afc3e89) Importer(815301076,1909f56bfc062723c751e8b465ee728b)
Start importing Assets/Factory-01.fbx using Guid(53c484221eb419d498f10add3afc3e89) Importer(815301076,1909f56bfc062723c751e8b465ee728b)  -> (artifact id: 'a7c7c939c4b41f4c42a01b52a4b80f52') in 0.281072 seconds 
========================================================================
Received Import Request.
  Time since last request: 8918.747472 seconds.
  path: Assets/Materials
  artifactKey: Guid(7b7651f6b764b144fa691dd56e31c449) Importer(815301076,1909f56bfc062723c751e8b465ee728b)
Start importing Assets/Materials using Guid(7b7651f6b764b144fa691dd56e31c449) Importer(815301076,1909f56bfc062723c751e8b465ee728b)  -> (artifact id: '975a603fba673d091734e8f16ad92930') in 0.013605 seconds 
========================================================================
Received Import Request.
  Time since last request: 7.214922 seconds.
  path: Assets/Plugins
  artifactKey: Guid(02741df24dbf4dc40a86a805fec05ae1) Importer(815301076,1909f56bfc062723c751e8b465ee728b)
Start importing Assets/Plugins using Guid(02741df24dbf4dc40a86a805fec05ae1) Importer(815301076,1909f56bfc062723c751e8b465ee728b)  -> (artifact id: '8d8efb2ae3fc3acfde75046e2bbc499a') in 0.006771 seconds 
========================================================================
Received Import Request.
  Time since last request: 10.938831 seconds.
  path: Assets/Prefabs
  artifactKey: Guid(1e6843242bc325c4cb55a318aca31add) Importer(815301076,1909f56bfc062723c751e8b465ee728b)
Start importing Assets/Prefabs using Guid(1e6843242bc325c4cb55a318aca31add) Importer(815301076,1909f56bfc062723c751e8b465ee728b)  -> (artifact id: '25139248f8df2de291d4fc69ede4de12') in 0.008095 seconds 
========================================================================
Received Import Request.
  Time since last request: 5.779198 seconds.
  path: Assets/Scripts
  artifactKey: Guid(29e927683d926f04c943302bf5b9d786) Importer(815301076,1909f56bfc062723c751e8b465ee728b)
Start importing Assets/Scripts using Guid(29e927683d926f04c943302bf5b9d786) Importer(815301076,1909f56bfc062723c751e8b465ee728b)  -> (artifact id: 'b04b6b2e404ed368a0a8ae6cf7915ec1') in 0.006876 seconds 
========================================================================
Received Import Request.
  Time since last request: 6.992572 seconds.
  path: Assets/Shaders
  artifactKey: Guid(15b9689d0847a17418cf47eef3baa87e) Importer(815301076,1909f56bfc062723c751e8b465ee728b)
Start importing Assets/Shaders using Guid(15b9689d0847a17418cf47eef3baa87e) Importer(815301076,1909f56bfc062723c751e8b465ee728b)  -> (artifact id: 'af495b16157d70a46d6ea1130a008376') in 0.006613 seconds 
========================================================================
Received Import Request.
  Time since last request: 6.033018 seconds.
  path: Assets/Textures
  artifactKey: Guid(08b555d721739a3418aabc5daa5e5863) Importer(815301076,1909f56bfc062723c751e8b465ee728b)
Start importing Assets/Textures using Guid(08b555d721739a3418aabc5daa5e5863) Importer(815301076,1909f56bfc062723c751e8b465ee728b)  -> (artifact id: '69deb2aa0fb1b5f450a399f52d392503') in 0.006382 seconds 
========================================================================
Received Import Request.
  Time since last request: 7.210064 seconds.
  path: Assets/_Scenes
  artifactKey: Guid(6ea315d0fd7389c41b19996891e99ae3) Importer(815301076,1909f56bfc062723c751e8b465ee728b)
Start importing Assets/_Scenes using Guid(6ea315d0fd7389c41b19996891e99ae3) Importer(815301076,1909f56bfc062723c751e8b465ee728b)  -> (artifact id: '96e1bf1849dc99d3bc24b095b1dd9569') in 0.008047 seconds 
========================================================================
Received Import Request.
  Time since last request: 301.338672 seconds.
  path: Assets/UI
  artifactKey: Guid(e5675f5d886b22942aa735da6dc9188d) Importer(815301076,1909f56bfc062723c751e8b465ee728b)
Start importing Assets/UI using Guid(e5675f5d886b22942aa735da6dc9188d) Importer(815301076,1909f56bfc062723c751e8b465ee728b)  -> (artifact id: 'ba290df87f1b0c5098985c3cb44d7c36') in 0.007177 seconds 
========================================================================
Received Import Request.
  Time since last request: 7.177371 seconds.
  path: Assets/Audio
  artifactKey: Guid(cb3751363bdbc4948838163e39789361) Importer(815301076,1909f56bfc062723c751e8b465ee728b)
Start importing Assets/Audio using Guid(cb3751363bdbc4948838163e39789361) Importer(815301076,1909f56bfc062723c751e8b465ee728b)  -> (artifact id: 'ea5a3bf7273668d58bb1af4b548e2ed5') in 0.008399 seconds 
========================================================================
Received Import Request.
  Time since last request: 169.055143 seconds.
  path: Assets/Prefabs/Factory-02.fbx
  artifactKey: Guid(456a937dd47147443826fa8b9f1ea8b6) Importer(815301076,1909f56bfc062723c751e8b465ee728b)
Start importing Assets/Prefabs/Factory-02.fbx using Guid(456a937dd47147443826fa8b9f1ea8b6) Importer(815301076,1909f56bfc062723c751e8b465ee728b)  -> (artifact id: '850f5cefc3f308fb6838b7e5266d5bf5') in 0.189884 seconds 
========================================================================
Received Import Request.
  Time since last request: 252.594681 seconds.
  path: Assets/Prefabs/Factory-01.fbx
  artifactKey: Guid(e2cf16832e43b0f4293084899ddcc5e8) Importer(815301076,1909f56bfc062723c751e8b465ee728b)
Start importing Assets/Prefabs/Factory-01.fbx using Guid(e2cf16832e43b0f4293084899ddcc5e8) Importer(815301076,1909f56bfc062723c751e8b465ee728b)  -> (artifact id: 'fee037dcec8277449e72159f140c4667') in 0.344772 seconds 
========================================================================
Received Import Request.
  Time since last request: 160.569079 seconds.
  path: Assets/Prefabs/Factory-01.prefab
  artifactKey: Guid(ecc97b66751316540b3f41fcb77a384a) Importer(815301076,1909f56bfc062723c751e8b465ee728b)
Start importing Assets/Prefabs/Factory-01.prefab using Guid(ecc97b66751316540b3f41fcb77a384a) Importer(815301076,1909f56bfc062723c751e8b465ee728b)  -> (artifact id: 'b7e706a4dce7ef81ec83aa7a934a4893') in 0.022282 seconds 
========================================================================
Received Import Request.
  Time since last request: 7.947881 seconds.
  path: Assets/Prefabs/Factory-01.prefab
  artifactKey: Guid(ecc97b66751316540b3f41fcb77a384a) Importer(815301076,1909f56bfc062723c751e8b465ee728b)
Start importing Assets/Prefabs/Factory-01.prefab using Guid(ecc97b66751316540b3f41fcb77a384a) Importer(815301076,1909f56bfc062723c751e8b465ee728b)  -> (artifact id: '73742cb4184ec3e70b28e9fce9ccb5c4') in 0.003753 seconds 
========================================================================
Received Import Request.
  Time since last request: 10.525795 seconds.
  path: Assets/Prefabs/Shop.prefab
  artifactKey: Guid(69f6a9843124db146806db640cd2c64f) Importer(815301076,1909f56bfc062723c751e8b465ee728b)
Start importing Assets/Prefabs/Shop.prefab using Guid(69f6a9843124db146806db640cd2c64f) Importer(815301076,1909f56bfc062723c751e8b465ee728b)  -> (artifact id: 'fb308983ca01ad6c7505f80ac504b48e') in 0.013464 seconds 
========================================================================
Received Import Request.
  Time since last request: 11.473030 seconds.
  path: Assets/Prefabs/Shop-01.prefab
  artifactKey: Guid(69f6a9843124db146806db640cd2c64f) Importer(815301076,1909f56bfc062723c751e8b465ee728b)
Start importing Assets/Prefabs/Shop-01.prefab using Guid(69f6a9843124db146806db640cd2c64f) Importer(815301076,1909f56bfc062723c751e8b465ee728b)  -> (artifact id: 'fcd9feeb28358c58fe8ce17febe19c7d') in 0.017697 seconds 
========================================================================
Received Import Request.
  Time since last request: 18.193738 seconds.
  path: Assets/Prefabs/Shop-01.prefab
  artifactKey: Guid(69f6a9843124db146806db640cd2c64f) Importer(815301076,1909f56bfc062723c751e8b465ee728b)
Start importing Assets/Prefabs/Shop-01.prefab using Guid(69f6a9843124db146806db640cd2c64f) Importer(815301076,1909f56bfc062723c751e8b465ee728b)  -> (artifact id: 'ed731500485d7e59a7c520da205dcce5') in 0.003650 seconds 
========================================================================
Received Import Request.
  Time since last request: 48.753240 seconds.
  path: Assets/Prefabs/Factory-01.fbx
  artifactKey: Guid(e2cf16832e43b0f4293084899ddcc5e8) Importer(815301076,1909f56bfc062723c751e8b465ee728b)
Start importing Assets/Prefabs/Factory-01.fbx using Guid(e2cf16832e43b0f4293084899ddcc5e8) Importer(815301076,1909f56bfc062723c751e8b465ee728b)  -> (artifact id: '4c7ab7335f68f6384ea25b3a95f07820') in 0.211359 seconds 
========================================================================
Received Import Request.
  Time since last request: 215.643177 seconds.
  path: Assets/Prefabs/Corridor-01.fbx
  artifactKey: Guid(e465adb3f1148d04eb6a2e12667ee890) Importer(815301076,1909f56bfc062723c751e8b465ee728b)
Start importing Assets/Prefabs/Corridor-01.fbx using Guid(e465adb3f1148d04eb6a2e12667ee890) Importer(815301076,1909f56bfc062723c751e8b465ee728b)  -> (artifact id: '4a6d696926a52581f007209efd442897') in 0.123319 seconds 
